<?xml version="1.0" encoding="UTF-8"?>
<!-- Generated by org.testng.reporters.JUnitReportReporter -->
<testsuite skipped="0" hostname="Halda" name="tests.OutlookConfigurationWindowTest" tests="4" failures="0" timestamp="29 May 2017 06:24:03 GMT" time="178.874" errors="0">
  <testcase name="emptyCredential" time="35.550" classname="tests.OutlookConfigurationWindowTest"/>
  <testcase name="wrongCredential" time="80.842" classname="tests.OutlookConfigurationWindowTest"/>
  <testcase name="outolookAddinDisabledFromServer" time="32.420" classname="tests.OutlookConfigurationWindowTest"/>
  <testcase name="correctCredential" time="30.062" classname="tests.OutlookConfigurationWindowTest"/>
</testsuite> <!-- tests.OutlookConfigurationWindowTest -->
