<?xml version="1.0" encoding="UTF-8"?>
<!-- Generated by org.testng.reporters.JUnitReportReporter -->
<testsuite skipped="0" hostname="Halda" name="RunTest" tests="4" failures="0" timestamp="29 May 2017 06:17:43 GMT" time="112.864" errors="0">
  <testcase name="emptyCredential" time="25.019" classname="RunTest"/>
  <testcase name="wrongCredential" time="31.550" classname="RunTest"/>
  <testcase name="outolookAddinDisabledFromServer" time="25.769" classname="RunTest"/>
  <testcase name="correctCredential" time="30.526" classname="RunTest"/>
</testsuite> <!-- RunTest -->
